[debug] [2024-11-21T17:56:29.501Z] ----------------------------------------------------------------------
[debug] [2024-11-21T17:56:29.503Z] Command:       C:\Program Files\nodejs\node.exe C:\Users\jakec\AppData\Roaming\npm\node_modules\firebase-tools\lib\bin\firebase.js init
[debug] [2024-11-21T17:56:29.504Z] CLI Version:   13.26.0
[debug] [2024-11-21T17:56:29.504Z] Platform:      win32
[debug] [2024-11-21T17:56:29.504Z] Node Version:  v23.3.0
[debug] [2024-11-21T17:56:29.504Z] Time:          Thu Nov 21 2024 12:56:29 GMT-0500 (hora estándar de Perú)
[debug] [2024-11-21T17:56:29.504Z] ----------------------------------------------------------------------
[debug] 
[debug] [2024-11-21T17:56:29.565Z] > command requires scopes: ["email","openid","https://www.googleapis.com/auth/cloudplatformprojects.readonly","https://www.googleapis.com/auth/firebase","https://www.googleapis.com/auth/cloud-platform"]
[debug] [2024-11-21T17:56:29.565Z] > authorizing via signed-in user (flavio.avendano@pucp.edu.pe)
[info] 
     ######## #### ########  ######## ########     ###     ######  ########
     ##        ##  ##     ## ##       ##     ##  ##   ##  ##       ##
     ######    ##  ########  ######   ########  #########  ######  ######
     ##        ##  ##    ##  ##       ##     ## ##     ##       ## ##
     ##       #### ##     ## ######## ########  ##     ##  ######  ########

You're about to initialize a Firebase project in this directory:

  C:\Users\jakec\Documents\PlatformIO\Projects\Tests

Before we get started, keep in mind:

  * You are initializing within an existing Firebase project directory

[info] 
=== Project Setup
[info] 
[info] First, let's associate this project directory with a Firebase project.
[info] You can create multiple project aliases by running firebase use --add, 
[info] but for now we'll just set up a default project.
[info] 
[debug] [2024-11-21T17:59:20.986Z] Using project from CLI flag: ecg-smartbeat
[debug] [2024-11-21T17:59:20.987Z] Checked if tokens are valid: false, expires at: 1732211910889
[debug] [2024-11-21T17:59:20.987Z] Checked if tokens are valid: false, expires at: 1732211910889
[debug] [2024-11-21T17:59:20.987Z] > refreshing access token with scopes: []
[debug] [2024-11-21T17:59:20.988Z] >>> [apiv2][query] POST https://www.googleapis.com/oauth2/v3/token [none]
[debug] [2024-11-21T17:59:20.989Z] >>> [apiv2][body] POST https://www.googleapis.com/oauth2/v3/token [omitted]
[debug] [2024-11-21T17:59:21.304Z] <<< [apiv2][status] POST https://www.googleapis.com/oauth2/v3/token 200
[debug] [2024-11-21T17:59:21.304Z] <<< [apiv2][body] POST https://www.googleapis.com/oauth2/v3/token [omitted]
[debug] [2024-11-21T17:59:21.311Z] >>> [apiv2][query] GET https://firebase.googleapis.com/v1beta1/projects/ecg-smartbeat [none]
[debug] [2024-11-21T17:59:21.804Z] <<< [apiv2][status] GET https://firebase.googleapis.com/v1beta1/projects/ecg-smartbeat 200
[debug] [2024-11-21T17:59:21.805Z] <<< [apiv2][body] GET https://firebase.googleapis.com/v1beta1/projects/ecg-smartbeat {"projectId":"ecg-smartbeat","projectNumber":"942448084234","displayName":"ECG-Smartbeat","name":"projects/ecg-smartbeat","resources":{"hostingSite":"ecg-smartbeat","realtimeDatabaseInstance":"ecg-smartbeat-default-rtdb"},"state":"ACTIVE","etag":"1_3b2fdd2e-ec69-4705-83e6-83faf28648f2"}
[info] i  Using project ecg-smartbeat (ECG-Smartbeat) 
[info] 
=== Apphosting Setup
[debug] [2024-11-21T17:59:21.809Z] Checked if tokens are valid: true, expires at: 1732215560304
[debug] [2024-11-21T17:59:21.809Z] Checked if tokens are valid: true, expires at: 1732215560304
[debug] [2024-11-21T17:59:21.809Z] >>> [apiv2][query] GET https://cloudbilling.googleapis.com/v1/projects/ecg-smartbeat/billingInfo [none]
[debug] [2024-11-21T17:59:23.048Z] <<< [apiv2][status] GET https://cloudbilling.googleapis.com/v1/projects/ecg-smartbeat/billingInfo 200
[debug] [2024-11-21T17:59:23.048Z] <<< [apiv2][body] GET https://cloudbilling.googleapis.com/v1/projects/ecg-smartbeat/billingInfo {"name":"projects/ecg-smartbeat/billingInfo","projectId":"ecg-smartbeat","billingAccountName":"","billingEnabled":false}
[info] i  Writing default settings to apphosting.yaml... 
[info] +  Wrote apphosting.yaml 
[info] +  Create a new App Hosting backend with `firebase apphosting:backends:create` 
[info] 
=== Hosting Setup
[debug] [2024-11-21T17:59:23.052Z] Checked if tokens are valid: true, expires at: 1732215560304
[debug] [2024-11-21T17:59:23.052Z] Checked if tokens are valid: true, expires at: 1732215560304
[debug] [2024-11-21T17:59:23.052Z] >>> [apiv2][query] GET https://firebase.googleapis.com/v1beta1/projects/ecg-smartbeat [none]
[debug] [2024-11-21T17:59:23.507Z] <<< [apiv2][status] GET https://firebase.googleapis.com/v1beta1/projects/ecg-smartbeat 200
[debug] [2024-11-21T17:59:23.507Z] <<< [apiv2][body] GET https://firebase.googleapis.com/v1beta1/projects/ecg-smartbeat {"projectId":"ecg-smartbeat","projectNumber":"942448084234","displayName":"ECG-Smartbeat","name":"projects/ecg-smartbeat","resources":{"hostingSite":"ecg-smartbeat","realtimeDatabaseInstance":"ecg-smartbeat-default-rtdb"},"state":"ACTIVE","etag":"1_3b2fdd2e-ec69-4705-83e6-83faf28648f2"}
[info] 
[info] Your public directory is the folder (relative to your project directory) that
[info] will contain Hosting assets to be uploaded with firebase deploy. If you
[info] have a build process for your assets, use your build's output directory.
[info] 
[info] i  public/404.html is unchanged 
[debug] [2024-11-21T17:59:34.350Z] >>> [apiv2][query] GET https://www.gstatic.com/firebasejs/releases.json [none]
[debug] [2024-11-21T17:59:34.582Z] <<< [apiv2][status] GET https://www.gstatic.com/firebasejs/releases.json 200
[debug] [2024-11-21T17:59:34.583Z] <<< [apiv2][body] GET https://www.gstatic.com/firebasejs/releases.json {"current":{"version":"11.0.2","browserURL":"https://www.gstatic.com/firebasejs/11.0.2/firebase.js","packageURL":"https://www.gstatic.com/firebasejs/11.0.2/firebase.tgz"},"live":{"version":"11.0","browserURL":"https://www.gstatic.com/firebasejs/live/11.0/firebase.js","packageURL":"https://www.gstatic.com/firebasejs/live/11.0/firebase.tgz"},"components":{"analytics":"https://www.gstatic.com/firebasejs/11.0.2/firebase-analytics.js","app":"https://www.gstatic.com/firebasejs/11.0.2/firebase-app.js","app-check":"https://www.gstatic.com/firebasejs/11.0.2/firebase-app-check.js","auth":"https://www.gstatic.com/firebasejs/11.0.2/firebase-auth.js","auth/cordova":"https://www.gstatic.com/firebasejs/11.0.2/firebase-auth/cordova.js","auth/web-extension":"https://www.gstatic.com/firebasejs/11.0.2/firebase-auth/web-extension.js","functions":"https://www.gstatic.com/firebasejs/11.0.2/firebase-functions.js","firestore":"https://www.gstatic.com/firebasejs/11.0.2/firebase-firestore.js","firestore/lite":"https://www.gstatic.com/firebasejs/11.0.2/firebase-firestore/lite.js","installations":"https://www.gstatic.com/firebasejs/11.0.2/firebase-installations.js","storage":"https://www.gstatic.com/firebasejs/11.0.2/firebase-storage.js","performance":"https://www.gstatic.com/firebasejs/11.0.2/firebase-performance.js","remote-config":"https://www.gstatic.com/firebasejs/11.0.2/firebase-remote-config.js","messaging":"https://www.gstatic.com/firebasejs/11.0.2/firebase-messaging.js","messaging/sw":"https://www.gstatic.com/firebasejs/11.0.2/firebase-messaging/sw.js","database":"https://www.gstatic.com/firebasejs/11.0.2/firebase-database.js","vertexai":"https://www.gstatic.com/firebasejs/11.0.2/firebase-vertexai.js","data-connect":"https://www.gstatic.com/firebasejs/11.0.2/firebase-data-connect.js","firestore.memory":"https://www.gstatic.com/firebasejs/11.0.2/firebase-firestore.memory.js"}}
[info] i  public/index.html is unchanged 
[info] 
=== Database Setup
[info] i  database: ensuring required API firebasedatabase.googleapis.com is enabled... 
[debug] [2024-11-21T17:59:34.586Z] Checked if tokens are valid: true, expires at: 1732215560304
[debug] [2024-11-21T17:59:34.586Z] Checked if tokens are valid: true, expires at: 1732215560304
[debug] [2024-11-21T17:59:34.586Z] >>> [apiv2][query] GET https://serviceusage.googleapis.com/v1/projects/ecg-smartbeat/services/firebasedatabase.googleapis.com [none]
[debug] [2024-11-21T17:59:34.586Z] >>> [apiv2][(partial)header] GET https://serviceusage.googleapis.com/v1/projects/ecg-smartbeat/services/firebasedatabase.googleapis.com x-goog-quota-user=projects/ecg-smartbeat
[debug] [2024-11-21T17:59:35.854Z] <<< [apiv2][status] GET https://serviceusage.googleapis.com/v1/projects/ecg-smartbeat/services/firebasedatabase.googleapis.com 200
[debug] [2024-11-21T17:59:35.854Z] <<< [apiv2][body] GET https://serviceusage.googleapis.com/v1/projects/ecg-smartbeat/services/firebasedatabase.googleapis.com [omitted]
[info] +  database: required API firebasedatabase.googleapis.com is enabled 
[info] 
[debug] [2024-11-21T17:59:35.854Z] Checked if tokens are valid: true, expires at: 1732215560304
[debug] [2024-11-21T17:59:35.855Z] Checked if tokens are valid: true, expires at: 1732215560304
[debug] [2024-11-21T17:59:35.855Z] >>> [apiv2][query] GET https://firebasedatabase.googleapis.com/v1beta/projects/ecg-smartbeat/locations/-/instances/ecg-smartbeat-default-rtdb [none]
[debug] [2024-11-21T17:59:37.298Z] <<< [apiv2][status] GET https://firebasedatabase.googleapis.com/v1beta/projects/ecg-smartbeat/locations/-/instances/ecg-smartbeat-default-rtdb 200
[debug] [2024-11-21T17:59:37.298Z] <<< [apiv2][body] GET https://firebasedatabase.googleapis.com/v1beta/projects/ecg-smartbeat/locations/-/instances/ecg-smartbeat-default-rtdb {"name":"projects/942448084234/locations/us-central1/instances/ecg-smartbeat-default-rtdb","project":"projects/942448084234","databaseUrl":"https://ecg-smartbeat-default-rtdb.firebaseio.com","type":"DEFAULT_DATABASE","state":"ACTIVE"}
[info] 
[info] Firebase Realtime Database Security Rules allow you to define how your data should be
[info] structured and when your data can be read from and written to.
[info] 
